<?xml version="1.0" encoding="UTF-8"?>
<!-- Generated by org.testng.reporters.JUnitReportReporter -->
<testsuite hostname="Shaimaa-Sadek" failures="0" tests="1" name="Tests.BaseClass" time="0.003" errors="0" timestamp="2019-12-14T02:29:18 EET" skipped="0">
  <testcase classname="Tests.BaseClass" name="tc1" time="0.003"/>
</testsuite> <!-- Tests.BaseClass -->
